mode: set
github.com/RasSved/D7024E_lab/internal/cli/root.go:19.34,37.2 6 0
github.com/RasSved/D7024E_lab/internal/cli/root.go:39.33,44.55 1 0
github.com/RasSved/D7024E_lab/internal/cli/root.go:44.55,46.18 2 0
github.com/RasSved/D7024E_lab/internal/cli/root.go:46.18,48.5 1 0
github.com/RasSved/D7024E_lab/internal/cli/root.go:49.4,52.18 3 0
github.com/RasSved/D7024E_lab/internal/cli/root.go:52.18,54.5 1 0
github.com/RasSved/D7024E_lab/internal/cli/root.go:55.4,56.14 2 0
github.com/RasSved/D7024E_lab/internal/cli/root.go:61.33,66.55 1 0
github.com/RasSved/D7024E_lab/internal/cli/root.go:66.55,68.18 2 0
github.com/RasSved/D7024E_lab/internal/cli/root.go:68.18,70.5 1 0
github.com/RasSved/D7024E_lab/internal/cli/root.go:71.4,74.18 3 0
github.com/RasSved/D7024E_lab/internal/cli/root.go:74.18,76.5 1 0
github.com/RasSved/D7024E_lab/internal/cli/root.go:77.4,77.19 1 0
github.com/RasSved/D7024E_lab/internal/cli/root.go:77.19,79.5 1 0
github.com/RasSved/D7024E_lab/internal/cli/root.go:79.10,81.5 1 0
github.com/RasSved/D7024E_lab/internal/cli/root.go:82.4,82.14 1 0
github.com/RasSved/D7024E_lab/internal/cli/root.go:98.35,102.55 1 0
github.com/RasSved/D7024E_lab/internal/cli/root.go:102.55,104.18 2 0
github.com/RasSved/D7024E_lab/internal/cli/root.go:104.18,106.5 1 0
github.com/RasSved/D7024E_lab/internal/cli/root.go:107.4,115.23 6 0
github.com/RasSved/D7024E_lab/internal/cli/version.go:10.37,14.48 1 0
github.com/RasSved/D7024E_lab/internal/cli/version.go:14.48,17.4 2 0
github.com/RasSved/D7024E_lab/cmd/main.go:82.13,84.39 2 0
github.com/RasSved/D7024E_lab/cmd/main.go:84.39,86.3 1 0
github.com/RasSved/D7024E_lab/cmd/main.go:82.13,84.39 2 0
github.com/RasSved/D7024E_lab/cmd/main.go:84.39,86.3 1 0
github.com/RasSved/D7024E_lab/internal/cli/root.go:19.34,37.2 6 0
github.com/RasSved/D7024E_lab/internal/cli/root.go:39.33,44.55 1 0
github.com/RasSved/D7024E_lab/internal/cli/root.go:44.55,46.18 2 0
github.com/RasSved/D7024E_lab/internal/cli/root.go:46.18,48.5 1 0
github.com/RasSved/D7024E_lab/internal/cli/root.go:49.4,52.18 3 0
github.com/RasSved/D7024E_lab/internal/cli/root.go:52.18,54.5 1 0
github.com/RasSved/D7024E_lab/internal/cli/root.go:55.4,56.14 2 0
github.com/RasSved/D7024E_lab/internal/cli/root.go:61.33,66.55 1 0
github.com/RasSved/D7024E_lab/internal/cli/root.go:66.55,68.18 2 0
github.com/RasSved/D7024E_lab/internal/cli/root.go:68.18,70.5 1 0
github.com/RasSved/D7024E_lab/internal/cli/root.go:71.4,74.18 3 0
github.com/RasSved/D7024E_lab/internal/cli/root.go:74.18,76.5 1 0
github.com/RasSved/D7024E_lab/internal/cli/root.go:77.4,77.19 1 0
github.com/RasSved/D7024E_lab/internal/cli/root.go:77.19,79.5 1 0
github.com/RasSved/D7024E_lab/internal/cli/root.go:79.10,81.5 1 0
github.com/RasSved/D7024E_lab/internal/cli/root.go:82.4,82.14 1 0
github.com/RasSved/D7024E_lab/internal/cli/root.go:98.35,102.55 1 0
github.com/RasSved/D7024E_lab/internal/cli/root.go:102.55,104.18 2 0
github.com/RasSved/D7024E_lab/internal/cli/root.go:104.18,106.5 1 0
github.com/RasSved/D7024E_lab/internal/cli/root.go:107.4,115.23 6 0
github.com/RasSved/D7024E_lab/internal/cli/version.go:10.37,14.48 1 0
github.com/RasSved/D7024E_lab/internal/cli/version.go:14.48,17.4 2 0
github.com/RasSved/D7024E_lab/internal/kademlia/bucket.go:14.26,18.2 3 1
github.com/RasSved/D7024E_lab/internal/kademlia/bucket.go:22.51,24.55 2 1
github.com/RasSved/D7024E_lab/internal/kademlia/bucket.go:24.55,27.34 2 1
github.com/RasSved/D7024E_lab/internal/kademlia/bucket.go:27.34,29.4 1 1
github.com/RasSved/D7024E_lab/internal/kademlia/bucket.go:32.2,32.20 1 1
github.com/RasSved/D7024E_lab/internal/kademlia/bucket.go:32.20,33.37 1 1
github.com/RasSved/D7024E_lab/internal/kademlia/bucket.go:33.37,35.4 1 1
github.com/RasSved/D7024E_lab/internal/kademlia/bucket.go:36.8,38.3 1 1
github.com/RasSved/D7024E_lab/internal/kademlia/bucket.go:43.79,46.63 2 1
github.com/RasSved/D7024E_lab/internal/kademlia/bucket.go:46.63,50.3 3 1
github.com/RasSved/D7024E_lab/internal/kademlia/bucket.go:52.2,52.17 1 1
github.com/RasSved/D7024E_lab/internal/kademlia/bucket.go:56.33,58.2 1 1
github.com/RasSved/D7024E_lab/internal/kademlia/contact.go:17.57,19.2 1 1
github.com/RasSved/D7024E_lab/internal/kademlia/contact.go:23.58,25.2 1 1
github.com/RasSved/D7024E_lab/internal/kademlia/contact.go:28.58,30.2 1 1
github.com/RasSved/D7024E_lab/internal/kademlia/contact.go:33.41,35.2 1 1
github.com/RasSved/D7024E_lab/internal/kademlia/contact.go:44.65,46.2 1 1
github.com/RasSved/D7024E_lab/internal/kademlia/contact.go:49.71,51.2 1 1
github.com/RasSved/D7024E_lab/internal/kademlia/contact.go:54.45,56.2 1 1
github.com/RasSved/D7024E_lab/internal/kademlia/contact.go:59.48,61.2 1 1
github.com/RasSved/D7024E_lab/internal/kademlia/contact.go:65.53,67.2 1 1
github.com/RasSved/D7024E_lab/internal/kademlia/contact.go:71.58,73.2 1 1
github.com/RasSved/D7024E_lab/internal/kademlia/kademlia.go:41.68,42.90 1 1
github.com/RasSved/D7024E_lab/internal/kademlia/kademlia.go:42.90,44.3 1 0
github.com/RasSved/D7024E_lab/internal/kademlia/kademlia.go:45.2,46.17 2 1
github.com/RasSved/D7024E_lab/internal/kademlia/kademlia.go:49.71,52.41 2 1
github.com/RasSved/D7024E_lab/internal/kademlia/kademlia.go:52.41,57.3 4 1
github.com/RasSved/D7024E_lab/internal/kademlia/kademlia.go:58.2,61.18 3 1
github.com/RasSved/D7024E_lab/internal/kademlia/kademlia.go:61.18,63.3 1 0
github.com/RasSved/D7024E_lab/internal/kademlia/kademlia.go:64.2,65.21 2 1
github.com/RasSved/D7024E_lab/internal/kademlia/kademlia.go:68.63,69.17 1 1
github.com/RasSved/D7024E_lab/internal/kademlia/kademlia.go:69.17,71.3 1 0
github.com/RasSved/D7024E_lab/internal/kademlia/kademlia.go:73.2,77.27 4 1
github.com/RasSved/D7024E_lab/internal/kademlia/kademlia.go:77.27,79.3 1 0
github.com/RasSved/D7024E_lab/internal/kademlia/kademlia.go:81.2,83.13 3 1
github.com/RasSved/D7024E_lab/internal/kademlia/kademlia.go:88.77,89.117 1 1
github.com/RasSved/D7024E_lab/internal/kademlia/kademlia.go:89.117,91.3 1 0
github.com/RasSved/D7024E_lab/internal/kademlia/kademlia.go:92.2,96.27 3 1
github.com/RasSved/D7024E_lab/internal/kademlia/kademlia.go:96.27,98.3 1 1
github.com/RasSved/D7024E_lab/internal/kademlia/kademlia.go:99.2,99.44 1 1
github.com/RasSved/D7024E_lab/internal/kademlia/kademlia.go:99.44,99.87 1 1
github.com/RasSved/D7024E_lab/internal/kademlia/kademlia.go:101.2,103.6 2 1
github.com/RasSved/D7024E_lab/internal/kademlia/kademlia.go:103.6,106.31 2 1
github.com/RasSved/D7024E_lab/internal/kademlia/kademlia.go:106.31,107.76 1 1
github.com/RasSved/D7024E_lab/internal/kademlia/kademlia.go:107.76,108.13 1 0
github.com/RasSved/D7024E_lab/internal/kademlia/kademlia.go:110.4,110.31 1 1
github.com/RasSved/D7024E_lab/internal/kademlia/kademlia.go:110.31,112.24 2 1
github.com/RasSved/D7024E_lab/internal/kademlia/kademlia.go:112.24,113.11 1 1
github.com/RasSved/D7024E_lab/internal/kademlia/kademlia.go:117.3,117.67 1 1
github.com/RasSved/D7024E_lab/internal/kademlia/kademlia.go:117.67,119.4 1 1
github.com/RasSved/D7024E_lab/internal/kademlia/kademlia.go:121.3,130.30 5 1
github.com/RasSved/D7024E_lab/internal/kademlia/kademlia.go:130.30,133.18 3 1
github.com/RasSved/D7024E_lab/internal/kademlia/kademlia.go:133.18,135.13 2 1
github.com/RasSved/D7024E_lab/internal/kademlia/kademlia.go:137.4,138.14 2 1
github.com/RasSved/D7024E_lab/internal/kademlia/kademlia.go:138.14,139.12 1 1
github.com/RasSved/D7024E_lab/internal/kademlia/kademlia.go:140.28,141.12 1 1
github.com/RasSved/D7024E_lab/internal/kademlia/kademlia.go:141.12,143.7 1 1
github.com/RasSved/D7024E_lab/internal/kademlia/kademlia.go:143.12,145.7 1 1
github.com/RasSved/D7024E_lab/internal/kademlia/kademlia.go:146.23,147.41 1 0
github.com/RasSved/D7024E_lab/internal/kademlia/kademlia.go:152.3,153.32 2 1
github.com/RasSved/D7024E_lab/internal/kademlia/kademlia.go:153.32,154.11 1 1
github.com/RasSved/D7024E_lab/internal/kademlia/kademlia.go:155.24,156.25 1 1
github.com/RasSved/D7024E_lab/internal/kademlia/kademlia.go:156.25,158.6 1 1
github.com/RasSved/D7024E_lab/internal/kademlia/kademlia.go:159.5,159.25 1 1
github.com/RasSved/D7024E_lab/internal/kademlia/kademlia.go:159.25,160.29 1 1
github.com/RasSved/D7024E_lab/internal/kademlia/kademlia.go:160.29,162.7 1 1
github.com/RasSved/D7024E_lab/internal/kademlia/kademlia.go:163.6,163.71 1 1
github.com/RasSved/D7024E_lab/internal/kademlia/kademlia.go:163.71,165.7 1 1
github.com/RasSved/D7024E_lab/internal/kademlia/kademlia.go:165.9,167.7 1 1
github.com/RasSved/D7024E_lab/internal/kademlia/kademlia.go:169.22,169.22 0 0
github.com/RasSved/D7024E_lab/internal/kademlia/kademlia.go:173.3,176.45 2 1
github.com/RasSved/D7024E_lab/internal/kademlia/kademlia.go:176.45,176.88 1 1
github.com/RasSved/D7024E_lab/internal/kademlia/kademlia.go:177.3,177.25 1 1
github.com/RasSved/D7024E_lab/internal/kademlia/kademlia.go:177.25,179.4 1 1
github.com/RasSved/D7024E_lab/internal/kademlia/kademlia.go:181.3,181.16 1 1
github.com/RasSved/D7024E_lab/internal/kademlia/kademlia.go:181.16,183.4 1 1
github.com/RasSved/D7024E_lab/internal/kademlia/kademlia.go:187.93,188.17 1 1
github.com/RasSved/D7024E_lab/internal/kademlia/kademlia.go:188.17,190.3 1 0
github.com/RasSved/D7024E_lab/internal/kademlia/kademlia.go:191.2,192.23 2 1
github.com/RasSved/D7024E_lab/internal/kademlia/kademlia.go:192.23,193.18 1 1
github.com/RasSved/D7024E_lab/internal/kademlia/kademlia.go:193.18,195.4 1 1
github.com/RasSved/D7024E_lab/internal/kademlia/kademlia.go:197.2,198.22 2 1
github.com/RasSved/D7024E_lab/internal/kademlia/kademlia.go:198.22,199.18 1 1
github.com/RasSved/D7024E_lab/internal/kademlia/kademlia.go:199.18,200.12 1 0
github.com/RasSved/D7024E_lab/internal/kademlia/kademlia.go:202.3,203.15 2 1
github.com/RasSved/D7024E_lab/internal/kademlia/kademlia.go:203.15,204.12 1 1
github.com/RasSved/D7024E_lab/internal/kademlia/kademlia.go:206.3,207.20 2 1
github.com/RasSved/D7024E_lab/internal/kademlia/kademlia.go:207.20,209.4 1 1
github.com/RasSved/D7024E_lab/internal/kademlia/kademlia.go:210.3,211.15 2 1
github.com/RasSved/D7024E_lab/internal/kademlia/kademlia.go:214.2,214.23 1 1
github.com/RasSved/D7024E_lab/internal/kademlia/kademlia.go:214.23,216.3 1 1
github.com/RasSved/D7024E_lab/internal/kademlia/kademlia.go:217.2,217.14 1 1
github.com/RasSved/D7024E_lab/internal/kademlia/kademlia.go:220.87,222.24 2 1
github.com/RasSved/D7024E_lab/internal/kademlia/kademlia.go:222.24,224.3 1 1
github.com/RasSved/D7024E_lab/internal/kademlia/kademlia.go:225.2,225.25 1 1
github.com/RasSved/D7024E_lab/internal/kademlia/kademlia.go:225.25,227.41 2 1
github.com/RasSved/D7024E_lab/internal/kademlia/kademlia.go:227.41,229.4 1 1
github.com/RasSved/D7024E_lab/internal/kademlia/kademlia.go:231.2,231.13 1 1
github.com/RasSved/D7024E_lab/internal/kademlia/kademlia.go:235.49,237.2 1 1
github.com/RasSved/D7024E_lab/internal/kademlia/kademlia.go:240.41,242.2 1 1
github.com/RasSved/D7024E_lab/internal/kademlia/kademlia.go:244.37,245.22 1 1
github.com/RasSved/D7024E_lab/internal/kademlia/kademlia.go:245.22,247.3 1 1
github.com/RasSved/D7024E_lab/internal/kademlia/kademlia.go:248.2,248.11 1 1
github.com/RasSved/D7024E_lab/internal/kademlia/kademliaid.go:15.45,19.32 3 1
github.com/RasSved/D7024E_lab/internal/kademlia/kademliaid.go:19.32,21.3 1 1
github.com/RasSved/D7024E_lab/internal/kademlia/kademliaid.go:23.2,23.23 1 1
github.com/RasSved/D7024E_lab/internal/kademlia/kademliaid.go:28.40,30.32 2 1
github.com/RasSved/D7024E_lab/internal/kademlia/kademliaid.go:30.32,32.3 1 1
github.com/RasSved/D7024E_lab/internal/kademlia/kademliaid.go:33.2,33.23 1 1
github.com/RasSved/D7024E_lab/internal/kademlia/kademliaid.go:37.69,38.32 1 1
github.com/RasSved/D7024E_lab/internal/kademlia/kademliaid.go:38.32,39.42 1 1
github.com/RasSved/D7024E_lab/internal/kademlia/kademliaid.go:39.42,41.4 1 1
github.com/RasSved/D7024E_lab/internal/kademlia/kademliaid.go:43.2,43.14 1 0
github.com/RasSved/D7024E_lab/internal/kademlia/kademliaid.go:47.71,48.32 1 1
github.com/RasSved/D7024E_lab/internal/kademlia/kademliaid.go:48.32,49.42 1 1
github.com/RasSved/D7024E_lab/internal/kademlia/kademliaid.go:49.42,51.4 1 1
github.com/RasSved/D7024E_lab/internal/kademlia/kademliaid.go:53.2,53.13 1 1
github.com/RasSved/D7024E_lab/internal/kademlia/kademliaid.go:58.75,60.32 2 1
github.com/RasSved/D7024E_lab/internal/kademlia/kademliaid.go:60.32,62.3 1 1
github.com/RasSved/D7024E_lab/internal/kademlia/kademliaid.go:63.2,63.16 1 1
github.com/RasSved/D7024E_lab/internal/kademlia/kademliaid.go:67.47,69.2 1 1
github.com/RasSved/D7024E_lab/internal/kademlia/network.go:81.43,86.16 3 1
github.com/RasSved/D7024E_lab/internal/kademlia/network.go:86.16,88.3 1 0
github.com/RasSved/D7024E_lab/internal/kademlia/network.go:89.2,93.16 3 1
github.com/RasSved/D7024E_lab/internal/kademlia/network.go:93.16,95.3 1 0
github.com/RasSved/D7024E_lab/internal/kademlia/network.go:97.2,121.16 9 1
github.com/RasSved/D7024E_lab/internal/kademlia/network.go:124.47,126.2 1 1
github.com/RasSved/D7024E_lab/internal/kademlia/network.go:129.71,131.2 1 1
github.com/RasSved/D7024E_lab/internal/kademlia/network.go:134.74,138.2 3 1
github.com/RasSved/D7024E_lab/internal/kademlia/network.go:141.38,143.6 2 1
github.com/RasSved/D7024E_lab/internal/kademlia/network.go:143.6,148.17 3 1
github.com/RasSved/D7024E_lab/internal/kademlia/network.go:148.17,150.53 1 1
github.com/RasSved/D7024E_lab/internal/kademlia/network.go:150.53,151.12 1 0
github.com/RasSved/D7024E_lab/internal/kademlia/network.go:152.25,153.12 1 0
github.com/RasSved/D7024E_lab/internal/kademlia/network.go:154.13,155.14 1 0
github.com/RasSved/D7024E_lab/internal/kademlia/network.go:159.4,160.88 1 1
github.com/RasSved/D7024E_lab/internal/kademlia/network.go:160.88,162.5 1 1
github.com/RasSved/D7024E_lab/internal/kademlia/network.go:164.4,165.12 2 0
github.com/RasSved/D7024E_lab/internal/kademlia/network.go:169.3,171.38 3 0
github.com/RasSved/D7024E_lab/internal/kademlia/network.go:176.71,179.16 2 1
github.com/RasSved/D7024E_lab/internal/kademlia/network.go:179.16,182.3 2 0
github.com/RasSved/D7024E_lab/internal/kademlia/network.go:185.2,188.18 2 1
github.com/RasSved/D7024E_lab/internal/kademlia/network.go:189.12,190.32 1 0
github.com/RasSved/D7024E_lab/internal/kademlia/network.go:191.12,192.32 1 0
github.com/RasSved/D7024E_lab/internal/kademlia/network.go:193.17,194.36 1 0
github.com/RasSved/D7024E_lab/internal/kademlia/network.go:195.26,196.44 1 1
github.com/RasSved/D7024E_lab/internal/kademlia/network.go:197.13,198.33 1 0
github.com/RasSved/D7024E_lab/internal/kademlia/network.go:199.18,200.37 1 0
github.com/RasSved/D7024E_lab/internal/kademlia/network.go:201.27,202.45 1 0
github.com/RasSved/D7024E_lab/internal/kademlia/network.go:203.10,204.62 1 0
github.com/RasSved/D7024E_lab/internal/kademlia/network.go:209.68,220.16 4 1
github.com/RasSved/D7024E_lab/internal/kademlia/network.go:220.16,223.3 2 0
github.com/RasSved/D7024E_lab/internal/kademlia/network.go:225.2,226.16 2 1
github.com/RasSved/D7024E_lab/internal/kademlia/network.go:226.16,228.3 1 0
github.com/RasSved/D7024E_lab/internal/kademlia/network.go:232.68,235.2 1 0
github.com/RasSved/D7024E_lab/internal/kademlia/network.go:238.72,253.16 5 1
github.com/RasSved/D7024E_lab/internal/kademlia/network.go:253.16,256.3 2 0
github.com/RasSved/D7024E_lab/internal/kademlia/network.go:258.2,259.16 2 1
github.com/RasSved/D7024E_lab/internal/kademlia/network.go:259.16,261.3 1 0
github.com/RasSved/D7024E_lab/internal/kademlia/network.go:265.80,270.79 3 1
github.com/RasSved/D7024E_lab/internal/kademlia/network.go:270.79,271.35 1 1
github.com/RasSved/D7024E_lab/internal/kademlia/network.go:271.35,272.11 1 1
github.com/RasSved/D7024E_lab/internal/kademlia/network.go:273.44,273.44 0 1
github.com/RasSved/D7024E_lab/internal/kademlia/network.go:274.12,274.12 0 0
github.com/RasSved/D7024E_lab/internal/kademlia/network.go:276.4,276.32 1 1
github.com/RasSved/D7024E_lab/internal/kademlia/network.go:279.3,279.37 1 1
github.com/RasSved/D7024E_lab/internal/kademlia/network.go:279.37,280.11 1 1
github.com/RasSved/D7024E_lab/internal/kademlia/network.go:281.40,281.40 0 1
github.com/RasSved/D7024E_lab/internal/kademlia/network.go:282.12,282.12 0 0
github.com/RasSved/D7024E_lab/internal/kademlia/network.go:284.4,284.34 1 1
github.com/RasSved/D7024E_lab/internal/kademlia/network.go:287.3,289.71 3 1
github.com/RasSved/D7024E_lab/internal/kademlia/network.go:290.8,293.37 2 0
github.com/RasSved/D7024E_lab/internal/kademlia/network.go:293.37,295.4 1 0
github.com/RasSved/D7024E_lab/internal/kademlia/network.go:296.3,296.88 1 0
github.com/RasSved/D7024E_lab/internal/kademlia/network.go:299.2,299.45 1 1
github.com/RasSved/D7024E_lab/internal/kademlia/network.go:303.65,316.16 4 0
github.com/RasSved/D7024E_lab/internal/kademlia/network.go:316.16,318.3 1 0
github.com/RasSved/D7024E_lab/internal/kademlia/network.go:321.2,322.16 2 0
github.com/RasSved/D7024E_lab/internal/kademlia/network.go:322.16,324.3 1 0
github.com/RasSved/D7024E_lab/internal/kademlia/network.go:327.2,328.16 2 0
github.com/RasSved/D7024E_lab/internal/kademlia/network.go:328.16,330.3 1 0
github.com/RasSved/D7024E_lab/internal/kademlia/network.go:332.2,333.12 2 0
github.com/RasSved/D7024E_lab/internal/kademlia/network.go:350.107,376.16 8 1
github.com/RasSved/D7024E_lab/internal/kademlia/network.go:376.16,381.3 4 0
github.com/RasSved/D7024E_lab/internal/kademlia/network.go:383.2,384.16 2 1
github.com/RasSved/D7024E_lab/internal/kademlia/network.go:384.16,389.3 4 0
github.com/RasSved/D7024E_lab/internal/kademlia/network.go:391.2,392.16 2 1
github.com/RasSved/D7024E_lab/internal/kademlia/network.go:392.16,397.3 4 0
github.com/RasSved/D7024E_lab/internal/kademlia/network.go:399.2,402.9 2 1
github.com/RasSved/D7024E_lab/internal/kademlia/network.go:403.30,404.29 1 1
github.com/RasSved/D7024E_lab/internal/kademlia/network.go:405.37,409.54 4 0
github.com/RasSved/D7024E_lab/internal/kademlia/network.go:414.119,438.16 8 1
github.com/RasSved/D7024E_lab/internal/kademlia/network.go:438.16,444.3 5 0
github.com/RasSved/D7024E_lab/internal/kademlia/network.go:446.2,447.16 2 1
github.com/RasSved/D7024E_lab/internal/kademlia/network.go:447.16,453.3 5 0
github.com/RasSved/D7024E_lab/internal/kademlia/network.go:455.2,456.16 2 1
github.com/RasSved/D7024E_lab/internal/kademlia/network.go:456.16,462.3 5 0
github.com/RasSved/D7024E_lab/internal/kademlia/network.go:463.2,468.24 3 1
github.com/RasSved/D7024E_lab/internal/kademlia/network.go:473.84,480.57 4 1
github.com/RasSved/D7024E_lab/internal/kademlia/network.go:480.57,483.10 2 0
github.com/RasSved/D7024E_lab/internal/kademlia/network.go:484.26,484.26 0 0
github.com/RasSved/D7024E_lab/internal/kademlia/network.go:485.11,485.11 0 0
github.com/RasSved/D7024E_lab/internal/kademlia/network.go:487.3,487.20 1 0
github.com/RasSved/D7024E_lab/internal/kademlia/network.go:505.74,509.18 2 1
github.com/RasSved/D7024E_lab/internal/kademlia/network.go:509.18,511.3 1 0
github.com/RasSved/D7024E_lab/internal/kademlia/network.go:512.2,516.53 3 1
github.com/RasSved/D7024E_lab/internal/kademlia/network.go:516.53,520.3 3 1
github.com/RasSved/D7024E_lab/internal/kademlia/network.go:521.2,525.28 3 1
github.com/RasSved/D7024E_lab/internal/kademlia/network.go:525.28,527.3 1 1
github.com/RasSved/D7024E_lab/internal/kademlia/network.go:530.2,530.39 1 0
github.com/RasSved/D7024E_lab/internal/kademlia/network.go:530.39,532.17 2 0
github.com/RasSved/D7024E_lab/internal/kademlia/network.go:532.17,534.12 2 0
github.com/RasSved/D7024E_lab/internal/kademlia/network.go:536.3,536.18 1 0
github.com/RasSved/D7024E_lab/internal/kademlia/network.go:536.18,539.4 2 0
github.com/RasSved/D7024E_lab/internal/kademlia/network.go:541.2,541.57 1 0
github.com/RasSved/D7024E_lab/internal/kademlia/network.go:545.97,571.16 8 0
github.com/RasSved/D7024E_lab/internal/kademlia/network.go:571.16,576.3 4 0
github.com/RasSved/D7024E_lab/internal/kademlia/network.go:579.2,580.16 2 0
github.com/RasSved/D7024E_lab/internal/kademlia/network.go:580.16,585.3 4 0
github.com/RasSved/D7024E_lab/internal/kademlia/network.go:588.2,589.16 2 0
github.com/RasSved/D7024E_lab/internal/kademlia/network.go:589.16,594.3 4 0
github.com/RasSved/D7024E_lab/internal/kademlia/network.go:595.2,598.9 2 0
github.com/RasSved/D7024E_lab/internal/kademlia/network.go:599.30,600.27 1 0
github.com/RasSved/D7024E_lab/internal/kademlia/network.go:600.27,602.4 1 0
github.com/RasSved/D7024E_lab/internal/kademlia/network.go:603.3,603.65 1 0
github.com/RasSved/D7024E_lab/internal/kademlia/network.go:604.37,608.55 4 0
github.com/RasSved/D7024E_lab/internal/kademlia/network.go:613.73,614.23 1 1
github.com/RasSved/D7024E_lab/internal/kademlia/network.go:614.23,617.3 2 0
github.com/RasSved/D7024E_lab/internal/kademlia/network.go:618.2,626.12 6 1
github.com/RasSved/D7024E_lab/internal/kademlia/network.go:626.12,635.3 2 1
github.com/RasSved/D7024E_lab/internal/kademlia/network.go:635.8,645.3 3 1
github.com/RasSved/D7024E_lab/internal/kademlia/network.go:648.2,649.16 2 1
github.com/RasSved/D7024E_lab/internal/kademlia/network.go:649.16,652.3 2 0
github.com/RasSved/D7024E_lab/internal/kademlia/network.go:654.2,655.16 2 1
github.com/RasSved/D7024E_lab/internal/kademlia/network.go:655.16,657.3 1 0
github.com/RasSved/D7024E_lab/internal/kademlia/network.go:660.2,660.45 1 1
github.com/RasSved/D7024E_lab/internal/kademlia/network.go:664.81,669.79 3 1
github.com/RasSved/D7024E_lab/internal/kademlia/network.go:669.79,675.3 4 1
github.com/RasSved/D7024E_lab/internal/kademlia/network.go:675.8,678.3 2 0
github.com/RasSved/D7024E_lab/internal/kademlia/network.go:681.2,681.45 1 1
github.com/RasSved/D7024E_lab/internal/kademlia/network.go:697.61,705.28 5 1
github.com/RasSved/D7024E_lab/internal/kademlia/network.go:705.28,707.3 1 1
github.com/RasSved/D7024E_lab/internal/kademlia/network.go:710.2,713.39 3 1
github.com/RasSved/D7024E_lab/internal/kademlia/network.go:713.39,715.27 2 1
github.com/RasSved/D7024E_lab/internal/kademlia/network.go:715.27,719.18 3 1
github.com/RasSved/D7024E_lab/internal/kademlia/network.go:719.18,721.5 1 1
github.com/RasSved/D7024E_lab/internal/kademlia/network.go:726.2,731.30 4 1
github.com/RasSved/D7024E_lab/internal/kademlia/network.go:731.30,733.3 1 1
github.com/RasSved/D7024E_lab/internal/kademlia/network.go:735.2,735.26 1 1
github.com/RasSved/D7024E_lab/internal/kademlia/network.go:735.26,737.3 1 1
github.com/RasSved/D7024E_lab/internal/kademlia/network.go:739.2,741.12 2 1
github.com/RasSved/D7024E_lab/internal/kademlia/network.go:745.96,760.16 4 1
github.com/RasSved/D7024E_lab/internal/kademlia/network.go:760.16,762.3 1 0
github.com/RasSved/D7024E_lab/internal/kademlia/network.go:765.2,766.16 2 1
github.com/RasSved/D7024E_lab/internal/kademlia/network.go:766.16,768.3 1 1
github.com/RasSved/D7024E_lab/internal/kademlia/network.go:771.2,772.16 2 1
github.com/RasSved/D7024E_lab/internal/kademlia/network.go:772.16,774.3 1 0
github.com/RasSved/D7024E_lab/internal/kademlia/network.go:776.2,777.12 2 1
github.com/RasSved/D7024E_lab/internal/kademlia/network.go:781.54,788.2 3 1
github.com/RasSved/D7024E_lab/internal/kademlia/network.go:791.69,792.42 1 1
github.com/RasSved/D7024E_lab/internal/kademlia/network.go:792.42,795.3 2 0
github.com/RasSved/D7024E_lab/internal/kademlia/network.go:797.2,806.87 6 1
github.com/RasSved/D7024E_lab/internal/kademlia/network.go:809.36,809.55 1 1
github.com/RasSved/D7024E_lab/internal/kademlia/network.go:810.36,810.56 1 1
github.com/RasSved/D7024E_lab/internal/kademlia/network.go:812.33,813.9 1 1
github.com/RasSved/D7024E_lab/internal/kademlia/network.go:814.16,815.13 1 1
github.com/RasSved/D7024E_lab/internal/kademlia/network.go:816.10,819.24 2 1
github.com/RasSved/D7024E_lab/internal/kademlia/node.go:7.82,9.17 2 1
github.com/RasSved/D7024E_lab/internal/kademlia/node.go:9.17,11.3 1 0
github.com/RasSved/D7024E_lab/internal/kademlia/node.go:13.2,24.25 5 1
github.com/RasSved/D7024E_lab/internal/kademlia/node.go:24.25,28.3 3 0
github.com/RasSved/D7024E_lab/internal/kademlia/node.go:29.2,29.18 1 1
github.com/RasSved/D7024E_lab/internal/kademlia/node.go:33.34,34.22 1 1
github.com/RasSved/D7024E_lab/internal/kademlia/node.go:34.22,36.3 1 1
github.com/RasSved/D7024E_lab/internal/kademlia/node.go:37.2,37.12 1 0
github.com/RasSved/D7024E_lab/internal/kademlia/operations.go:10.45,11.22 1 1
github.com/RasSved/D7024E_lab/internal/kademlia/operations.go:11.22,13.23 2 1
github.com/RasSved/D7024E_lab/internal/kademlia/operations.go:13.23,15.4 1 1
github.com/RasSved/D7024E_lab/internal/kademlia/operations.go:18.2,18.22 1 1
github.com/RasSved/D7024E_lab/internal/kademlia/operations.go:18.22,21.3 2 1
github.com/RasSved/D7024E_lab/internal/kademlia/operations.go:25.53,30.22 3 1
github.com/RasSved/D7024E_lab/internal/kademlia/operations.go:30.22,31.58 1 1
github.com/RasSved/D7024E_lab/internal/kademlia/operations.go:31.58,33.4 1 0
github.com/RasSved/D7024E_lab/internal/kademlia/operations.go:34.3,34.18 1 1
github.com/RasSved/D7024E_lab/internal/kademlia/operations.go:38.2,39.20 2 1
github.com/RasSved/D7024E_lab/internal/kademlia/operations.go:39.20,41.3 1 0
github.com/RasSved/D7024E_lab/internal/kademlia/operations.go:42.2,44.17 3 1
github.com/RasSved/D7024E_lab/internal/kademlia/operations.go:49.62,50.22 1 1
github.com/RasSved/D7024E_lab/internal/kademlia/operations.go:50.22,51.81 1 1
github.com/RasSved/D7024E_lab/internal/kademlia/operations.go:51.81,53.4 1 1
github.com/RasSved/D7024E_lab/internal/kademlia/operations.go:57.2,60.8 4 1
github.com/RasSved/D7024E_lab/internal/kademlia/operations.go:60.8,64.3 3 1
github.com/RasSved/D7024E_lab/internal/kademlia/operations.go:65.2,65.42 1 0
github.com/RasSved/D7024E_lab/internal/kademlia/routingtable.go:17.48,19.34 2 1
github.com/RasSved/D7024E_lab/internal/kademlia/routingtable.go:19.34,21.3 1 1
github.com/RasSved/D7024E_lab/internal/kademlia/routingtable.go:22.2,23.21 2 1
github.com/RasSved/D7024E_lab/internal/kademlia/routingtable.go:27.63,33.2 5 1
github.com/RasSved/D7024E_lab/internal/kademlia/routingtable.go:36.96,46.98 7 1
github.com/RasSved/D7024E_lab/internal/kademlia/routingtable.go:46.98,47.25 1 1
github.com/RasSved/D7024E_lab/internal/kademlia/routingtable.go:47.25,50.4 2 1
github.com/RasSved/D7024E_lab/internal/kademlia/routingtable.go:51.3,51.33 1 1
github.com/RasSved/D7024E_lab/internal/kademlia/routingtable.go:51.33,54.4 2 1
github.com/RasSved/D7024E_lab/internal/kademlia/routingtable.go:57.2,59.30 2 1
github.com/RasSved/D7024E_lab/internal/kademlia/routingtable.go:59.30,61.3 1 1
github.com/RasSved/D7024E_lab/internal/kademlia/routingtable.go:63.2,63.38 1 1
github.com/RasSved/D7024E_lab/internal/kademlia/routingtable.go:67.70,69.32 2 1
github.com/RasSved/D7024E_lab/internal/kademlia/routingtable.go:69.32,70.26 1 1
github.com/RasSved/D7024E_lab/internal/kademlia/routingtable.go:70.26,71.42 1 1
github.com/RasSved/D7024E_lab/internal/kademlia/routingtable.go:71.42,73.5 1 1
github.com/RasSved/D7024E_lab/internal/kademlia/routingtable.go:77.2,77.23 1 1
